TN:
SF:src/Cantina/Item.ts
FN:8,(anonymous_0)
FN:16,(anonymous_1)
FN:20,(anonymous_2)
FN:27,(anonymous_3)
FNF:4
FNH:4
FNDA:4,(anonymous_0)
FNDA:2,(anonymous_1)
FNDA:4,(anonymous_2)
FNDA:2,(anonymous_3)
DA:1,1
DA:9,4
DA:10,4
DA:11,4
DA:12,4
DA:13,4
DA:17,2
DA:21,4
DA:22,4
DA:24,4
DA:28,2
LF:11
LH:11
BRF:0
BRH:0
end_of_record
TN:
SF:src/ContaBancaria/Conta.ts
FN:13,(anonymous_0)
FN:20,(anonymous_1)
FN:26,(anonymous_2)
FNF:3
FNH:2
FNDA:2,(anonymous_0)
FNDA:2,(anonymous_1)
FNDA:0,(anonymous_2)
DA:12,1
DA:14,2
DA:15,1
DA:18,4
DA:21,2
DA:22,1
DA:24,1
DA:27,0
LF:8
LH:7
BRDA:14,0,0,1
BRDA:14,0,1,1
BRDA:21,1,0,1
BRDA:21,1,1,1
BRF:4
BRH:4
end_of_record
